CRITICAL - 2024-08-18 02:02:00 --> ParseError: syntax error, unexpected end of file
[Method: GET, Route: tienda]
in APPPATH\Views\tienda.php on line 31.
 1 SYSTEMPATH\View\View.php(237): CodeIgniter\View\View->CodeIgniter\View\{closure}()
 2 SYSTEMPATH\Common.php(1169): CodeIgniter\View\View->render('tienda', [], true)
 3 APPPATH\Controllers\Tienda.php(15): view('tienda', [...])
 4 SYSTEMPATH\CodeIgniter.php(933): App\Controllers\Tienda->index()
 5 SYSTEMPATH\CodeIgniter.php(509): CodeIgniter\CodeIgniter->runController(Object(App\Controllers\Tienda))
 6 SYSTEMPATH\CodeIgniter.php(355): CodeIgniter\CodeIgniter->handleRequest(null, Object(Config\Cache), false)
 7 SYSTEMPATH\Boot.php(325): CodeIgniter\CodeIgniter->run()
 8 SYSTEMPATH\Boot.php(67): CodeIgniter\Boot::runCodeIgniter(Object(CodeIgniter\CodeIgniter))
 9 FCPATH\index.php(56): CodeIgniter\Boot::bootWeb(Object(Config\Paths))
ERROR - 2024-08-18 04:14:31 --> Error connecting to the database: mysqli_sql_exception: Unknown database 'ci4' in C:\xampp\htdocs\codeigniter4-framework-v4.5.4-0-g336e078\codeigniter4-framework-336e078\system\Database\MySQLi\Connection.php:186
Stack trace:
#0 C:\xampp\htdocs\codeigniter4-framework-v4.5.4-0-g336e078\codeigniter4-framework-336e078\system\Database\MySQLi\Connection.php(186): mysqli->real_connect('localhost', 'root', Object(SensitiveParameterValue), 'ci4', 3306, '', 0)
#1 C:\xampp\htdocs\codeigniter4-framework-v4.5.4-0-g336e078\codeigniter4-framework-336e078\system\Database\BaseConnection.php(421): CodeIgniter\Database\MySQLi\Connection->connect(false)
#2 C:\xampp\htdocs\codeigniter4-framework-v4.5.4-0-g336e078\codeigniter4-framework-336e078\system\Database\BaseConnection.php(616): CodeIgniter\Database\BaseConnection->initialize()
#3 C:\xampp\htdocs\codeigniter4-framework-v4.5.4-0-g336e078\codeigniter4-framework-336e078\system\Database\BaseBuilder.php(1644): CodeIgniter\Database\BaseConnection->query('SELECT *\nFROM `...', Array, false)
#4 C:\xampp\htdocs\codeigniter4-framework-v4.5.4-0-g336e078\codeigniter4-framework-336e078\system\Model.php(286): CodeIgniter\Database\BaseBuilder->get()
#5 C:\xampp\htdocs\codeigniter4-framework-v4.5.4-0-g336e078\codeigniter4-framework-336e078\system\BaseModel.php(676): CodeIgniter\Model->doFindAll(0, 0)
#6 C:\xampp\htdocs\codeigniter4-framework-v4.5.4-0-g336e078\codeigniter4-framework-336e078\app\Controllers\Productos.php(14): CodeIgniter\BaseModel->findAll()
#7 C:\xampp\htdocs\codeigniter4-framework-v4.5.4-0-g336e078\codeigniter4-framework-336e078\system\CodeIgniter.php(933): App\Controllers\Productos->index()
#8 C:\xampp\htdocs\codeigniter4-framework-v4.5.4-0-g336e078\codeigniter4-framework-336e078\system\CodeIgniter.php(509): CodeIgniter\CodeIgniter->runController(Object(App\Controllers\Productos))
#9 C:\xampp\htdocs\codeigniter4-framework-v4.5.4-0-g336e078\codeigniter4-framework-336e078\system\CodeIgniter.php(355): CodeIgniter\CodeIgniter->handleRequest(NULL, Object(Config\Cache), false)
#10 C:\xampp\htdocs\codeigniter4-framework-v4.5.4-0-g336e078\codeigniter4-framework-336e078\system\Boot.php(325): CodeIgniter\CodeIgniter->run()
#11 C:\xampp\htdocs\codeigniter4-framework-v4.5.4-0-g336e078\codeigniter4-framework-336e078\system\Boot.php(67): CodeIgniter\Boot::runCodeIgniter(Object(CodeIgniter\CodeIgniter))
#12 C:\xampp\htdocs\codeigniter4-framework-v4.5.4-0-g336e078\codeigniter4-framework-336e078\public\index.php(56): CodeIgniter\Boot::bootWeb(Object(Config\Paths))
#13 {main}

Next CodeIgniter\Database\Exceptions\DatabaseException: Unknown database 'ci4' in C:\xampp\htdocs\codeigniter4-framework-v4.5.4-0-g336e078\codeigniter4-framework-336e078\system\Database\MySQLi\Connection.php:231
Stack trace:
#0 C:\xampp\htdocs\codeigniter4-framework-v4.5.4-0-g336e078\codeigniter4-framework-336e078\system\Database\BaseConnection.php(421): CodeIgniter\Database\MySQLi\Connection->connect(false)
#1 C:\xampp\htdocs\codeigniter4-framework-v4.5.4-0-g336e078\codeigniter4-framework-336e078\system\Database\BaseConnection.php(616): CodeIgniter\Database\BaseConnection->initialize()
#2 C:\xampp\htdocs\codeigniter4-framework-v4.5.4-0-g336e078\codeigniter4-framework-336e078\system\Database\BaseBuilder.php(1644): CodeIgniter\Database\BaseConnection->query('SELECT *\nFROM `...', Array, false)
#3 C:\xampp\htdocs\codeigniter4-framework-v4.5.4-0-g336e078\codeigniter4-framework-336e078\system\Model.php(286): CodeIgniter\Database\BaseBuilder->get()
#4 C:\xampp\htdocs\codeigniter4-framework-v4.5.4-0-g336e078\codeigniter4-framework-336e078\system\BaseModel.php(676): CodeIgniter\Model->doFindAll(0, 0)
#5 C:\xampp\htdocs\codeigniter4-framework-v4.5.4-0-g336e078\codeigniter4-framework-336e078\app\Controllers\Productos.php(14): CodeIgniter\BaseModel->findAll()
#6 C:\xampp\htdocs\codeigniter4-framework-v4.5.4-0-g336e078\codeigniter4-framework-336e078\system\CodeIgniter.php(933): App\Controllers\Productos->index()
#7 C:\xampp\htdocs\codeigniter4-framework-v4.5.4-0-g336e078\codeigniter4-framework-336e078\system\CodeIgniter.php(509): CodeIgniter\CodeIgniter->runController(Object(App\Controllers\Productos))
#8 C:\xampp\htdocs\codeigniter4-framework-v4.5.4-0-g336e078\codeigniter4-framework-336e078\system\CodeIgniter.php(355): CodeIgniter\CodeIgniter->handleRequest(NULL, Object(Config\Cache), false)
#9 C:\xampp\htdocs\codeigniter4-framework-v4.5.4-0-g336e078\codeigniter4-framework-336e078\system\Boot.php(325): CodeIgniter\CodeIgniter->run()
#10 C:\xampp\htdocs\codeigniter4-framework-v4.5.4-0-g336e078\codeigniter4-framework-336e078\system\Boot.php(67): CodeIgniter\Boot::runCodeIgniter(Object(CodeIgniter\CodeIgniter))
#11 C:\xampp\htdocs\codeigniter4-framework-v4.5.4-0-g336e078\codeigniter4-framework-336e078\public\index.php(56): CodeIgniter\Boot::bootWeb(Object(Config\Paths))
#12 {main}
CRITICAL - 2024-08-18 04:14:31 --> CodeIgniter\Database\Exceptions\DatabaseException: Unable to connect to the database.
Main connection [MySQLi]: Unknown database 'ci4'
[Method: GET, Route: productos]
in SYSTEMPATH\Database\BaseConnection.php on line 467.
 1 SYSTEMPATH\Database\BaseConnection.php(616): CodeIgniter\Database\BaseConnection->initialize()
 2 SYSTEMPATH\Database\BaseBuilder.php(1644): CodeIgniter\Database\BaseConnection->query('SELECT *
FROM `productos`', [], false)
 3 SYSTEMPATH\Model.php(286): CodeIgniter\Database\BaseBuilder->get()
 4 SYSTEMPATH\BaseModel.php(676): CodeIgniter\Model->doFindAll(0, 0)
 5 APPPATH\Controllers\Productos.php(14): CodeIgniter\BaseModel->findAll()
 6 SYSTEMPATH\CodeIgniter.php(933): App\Controllers\Productos->index()
 7 SYSTEMPATH\CodeIgniter.php(509): CodeIgniter\CodeIgniter->runController(Object(App\Controllers\Productos))
 8 SYSTEMPATH\CodeIgniter.php(355): CodeIgniter\CodeIgniter->handleRequest(null, Object(Config\Cache), false)
 9 SYSTEMPATH\Boot.php(325): CodeIgniter\CodeIgniter->run()
10 SYSTEMPATH\Boot.php(67): CodeIgniter\Boot::runCodeIgniter(Object(CodeIgniter\CodeIgniter))
11 FCPATH\index.php(56): CodeIgniter\Boot::bootWeb(Object(Config\Paths))
